Arguments: 
  /Users/hanselke/.nvm/versions/node/v6.11.2/bin/node /usr/local/Cellar/yarn/1.2.1/libexec/bin/yarn.js install

PATH: 
  /Users/hanselke/.nvm/versions/node/v6.11.2/bin:/usr/local/opt/qt/bin:/usr/local/bin/:/usr/local/bin:/usr/bin:/bin:/usr/sbin:/sbin:/Users/hanselke/go/bin:/usr/local/go/bin

Yarn version: 
  1.2.1

Node version: 
  6.11.2

Platform: 
  darwin x64

npm manifest: 
  {
    "dependencies": {
      "babel-runtime": "^6.26.0",
      "bcrypt": "^1.0.3",
      "bluebird": "^3.5.1",
      "bootstrap-vertical-tabs": "1.2.2",
      "debug": "^2.1.0",
      "fast-crc32c": "^1.0.4",
      "ghooks": "^2.0.0",
      "google-cloud": "^0.57.0",
      "mathjs": "~1.7.1",
      "meteor-node-stubs": "^0.2.11",
      "moment": "^2.9.0",
      "moment-duration-format": "^1.3.0",
      "phantomjs": "1.9.18",
      "querystring": "0.2.0",
      "react": "^15.6.2",
      "react-addons-pure-render-mixin": "^15.6.0",
      "react-dom": "^15.6.2",
      "react-drag-and-drop": "^2.4.0",
      "react-dropzone": "^4.2.1",
      "react-dropzone-component": "^2.0.0",
      "react-gravatar": "^2.6.3",
      "react-jsonschema-form": "^0.51.0",
      "react-modal": "^3.1.0",
      "react-redux": "^5.0.6",
      "react-router": "^3.2.0",
      "react-router-dom": "^4.2.2",
      "react-router-redux": "^4.0.8",
      "react-tabs": "^2.1.0",
      "redux": "^3.7.2",
      "redux-devtools": "^3.4.0",
      "safe-access": "^0.1.0",
      "webshot": "0.16.0"
    }
  }

yarn manifest: 
  No manifest

Lockfile: 
  No lockfile

Trace: 
  Error: getaddrinfo ENOTFOUND registry.npmjs.org registry.npmjs.org:443
      at errnoException (dns.js:28:10)
      at GetAddrInfoReqWrap.onlookup [as oncomplete] (dns.js:76:26)
